VirtualBox GUI VM Selector Window 5.1.28 r117968 linux.amd64 (Sep 14 2017 22:01:36) release log
00:00:00.344388 Log opened 2017-10-11T14:27:48.795700000Z
00:00:00.344389 Build Type: release
00:00:00.344393 OS Product: Linux
00:00:00.344393 OS Release: 4.13.4-1-ARCH
00:00:00.344394 OS Version: #1 SMP PREEMPT Thu Sep 28 08:39:52 CEST 2017
00:00:00.344433 DMI Product Name: XPS 13 9350
00:00:00.344437 DMI Product Version: 
00:00:00.344473 Host RAM: 7912MB (7.7GB) total, 6157MB (6.0GB) available
00:00:00.344475 Executable: /usr/lib/virtualbox/VirtualBox
00:00:00.344476 Process ID: 13915
00:00:00.344477 Package type: LINUX_64BITS_GENERIC (OSE)
00:00:00.344501 Qt version: 5.9.1
00:00:00.350204 GUI: UIMediumEnumerator: Medium-enumeration started...
00:00:00.458255 Failed to open "/dev/vboxdrv", errno=2, rc=VERR_VM_DRIVER_NOT_INSTALLED
00:00:00.475904 GUI: UIDesktopWidgetWatchdog::sltHandleHostScreenAvailableGeometryCalculated: Screen 0 work area is actually resized to: 0x0 x 1600x900
00:03:05.295379 GUI: UIMediumEnumerator: Medium with key={411412a7-74f8-4909-962f-45777a3ff1c8} created
00:03:05.523207 GUI: UIMediumEnumerator: Medium-enumeration finished!
00:03:07.529885 GUI: UIMediumEnumerator: Medium-enumeration started...
00:03:07.685555 2D support test succeeded
00:03:07.773766 GUI: UIMediumEnumerator: Medium-enumeration finished!
00:03:23.491319 GUI: UIMediumEnumerator: Medium with key={6ac8449f-c606-48c4-82f5-63918169ebfa} created
00:03:24.889425 GUI: UIMediumEnumerator: Medium-enumeration finished!
00:03:24.918878 GUI: UIMediumEnumerator: Medium-enumeration finished!
00:03:24.962478 GUI: UIMediumEnumerator: Medium-enumeration finished!
00:03:25.115993 GUI: UIMediumEnumerator: Medium-enumeration finished!
00:03:32.294141 ERROR [COM]: aRC=NS_ERROR_UNEXPECTED (0x8000ffff) aIID={7844aa05-b02e-4cdd-a04f-ade4a762e6b7} aComponent={SessionWrap} aText={The session is not locked (session state: Unlocked)}, preserve=false aResultDetail=0
